<?xml version="1.0" encoding="UTF-8"?>
<coverage generated="1567025694481" clover="3.2.0">
  <project timestamp="1567025694481" name="All files">
    <metrics statements="60" coveredstatements="53" conditionals="10" coveredconditionals="4" methods="6" coveredmethods="2" elements="76" coveredelements="59" complexity="0" loc="60" ncloc="60" packages="1" files="1" classes="1"/>
    <file name="ReviewEntry.jsx" path="/Users/Admin/Documents/HRSF122/fec-project/client/src/components/ReviewEntry.jsx">
      <metrics statements="60" coveredstatements="53" conditionals="10" coveredconditionals="4" methods="6" coveredmethods="2"/>
      <line num="8" count="1" type="stmt"/>
      <line num="19" count="1" type="stmt"/>
      <line num="22" count="1" type="stmt"/>
      <line num="26" count="1" type="stmt"/>
      <line num="28" count="1" type="stmt"/>
      <line num="31" count="1" type="stmt"/>
      <line num="33" count="1" type="stmt"/>
      <line num="37" count="1" type="stmt"/>
      <line num="39" count="1" type="stmt"/>
      <line num="44" count="1" type="stmt"/>
      <line num="46" count="1" type="stmt"/>
      <line num="50" count="1" type="stmt"/>
      <line num="52" count="1" type="stmt"/>
      <line num="68" count="1" type="stmt"/>
      <line num="72" count="1" type="stmt"/>
      <line num="75" count="1" type="stmt"/>
      <line num="86" count="1" type="stmt"/>
      <line num="89" count="1" type="stmt"/>
      <line num="93" count="1" type="stmt"/>
      <line num="95" count="1" type="stmt"/>
      <line num="101" count="1" type="stmt"/>
      <line num="109" count="16" type="stmt"/>
      <line num="110" count="16" type="stmt"/>
      <line num="115" count="16" type="stmt"/>
      <line num="116" count="16" type="stmt"/>
      <line num="129" count="16" type="stmt"/>
      <line num="133" count="0" type="stmt"/>
      <line num="134" count="0" type="stmt"/>
      <line num="135" count="0" type="stmt"/>
      <line num="141" count="16" type="stmt"/>
      <line num="142" count="16" type="stmt"/>
      <line num="143" count="16" type="stmt"/>
      <line num="144" count="16" type="stmt"/>
      <line num="145" count="16" type="stmt"/>
      <line num="146" count="16" type="stmt"/>
      <line num="147" count="16" type="stmt"/>
      <line num="148" count="16" type="stmt"/>
      <line num="149" count="16" type="stmt"/>
      <line num="150" count="16" type="stmt"/>
      <line num="151" count="16" type="stmt"/>
      <line num="153" count="16" type="stmt"/>
      <line num="154" count="16" type="stmt"/>
      <line num="155" count="16" type="stmt"/>
      <line num="156" count="16" type="stmt"/>
      <line num="159" count="16" type="stmt"/>
      <line num="160" count="16" type="stmt"/>
      <line num="161" count="16" type="stmt"/>
      <line num="162" count="16" type="stmt"/>
      <line num="165" count="16" type="stmt"/>
      <line num="166" count="16" type="stmt"/>
      <line num="169" count="16" type="stmt"/>
      <line num="172" count="16" type="stmt"/>
      <line num="173" count="16" type="stmt"/>
      <line num="174" count="16" type="cond" truecount="1" falsecount="1"/>
      <line num="175" count="0" type="stmt"/>
      <line num="176" count="0" type="stmt"/>
      <line num="179" count="16" type="stmt"/>
      <line num="253" count="0" type="cond" truecount="0" falsecount="2"/>
      <line num="254" count="0" type="stmt"/>
      <line num="266" count="1" type="stmt"/>
    </file>
  </project>
</coverage>
