{"/Users/Admin/Documents/HRSF122/fec-project/client/src/components/ReviewEntry.jsx": {"path":"/Users/Admin/Documents/HRSF122/fec-project/client/src/components/ReviewEntry.jsx","statementMap":{"0":{"start":{"line":8,"column":13},"end":{"line":18,"column":1}},"1":{"start":{"line":19,"column":0},"end":{"line":19,"column":26}},"2":{"start":{"line":22,"column":19},"end":{"line":25,"column":1}},"3":{"start":{"line":26,"column":0},"end":{"line":26,"column":38}},"4":{"start":{"line":28,"column":19},"end":{"line":30,"column":1}},"5":{"start":{"line":31,"column":0},"end":{"line":31,"column":38}},"6":{"start":{"line":33,"column":15},"end":{"line":36,"column":1}},"7":{"start":{"line":37,"column":0},"end":{"line":37,"column":30}},"8":{"start":{"line":39,"column":14},"end":{"line":43,"column":1}},"9":{"start":{"line":44,"column":0},"end":{"line":44,"column":28}},"10":{"start":{"line":46,"column":16},"end":{"line":49,"column":1}},"11":{"start":{"line":50,"column":0},"end":{"line":50,"column":32}},"12":{"start":{"line":52,"column":22},"end":{"line":66,"column":1}},"13":{"start":{"line":67,"column":0},"end":{"line":67,"column":44}},"14":{"start":{"line":69,"column":19},"end":{"line":72,"column":1}},"15":{"start":{"line":73,"column":0},"end":{"line":73,"column":38}},"16":{"start":{"line":76,"column":17},"end":{"line":86,"column":1}},"17":{"start":{"line":87,"column":0},"end":{"line":87,"column":34}},"18":{"start":{"line":90,"column":17},"end":{"line":93,"column":1}},"19":{"start":{"line":94,"column":0},"end":{"line":94,"column":34}},"20":{"start":{"line":96,"column":17},"end":{"line":100,"column":1}},"21":{"start":{"line":102,"column":24},"end":{"line":106,"column":1}},"22":{"start":{"line":110,"column":4},"end":{"line":110,"column":17}},"23":{"start":{"line":111,"column":27},"end":{"line":111,"column":37}},"24":{"start":{"line":116,"column":8},"end":{"line":116,"column":18}},"25":{"start":{"line":117,"column":4},"end":{"line":129,"column":6}},"26":{"start":{"line":130,"column":4},"end":{"line":130,"column":57}},"27":{"start":{"line":134,"column":4},"end":{"line":134,"column":23}},"28":{"start":{"line":135,"column":4},"end":{"line":135,"column":22}},"29":{"start":{"line":136,"column":4},"end":{"line":138,"column":8}},"30":{"start":{"line":136,"column":34},"end":{"line":138,"column":5}},"31":{"start":{"line":142,"column":31},"end":{"line":142,"column":41}},"32":{"start":{"line":143,"column":25},"end":{"line":143,"column":35}},"33":{"start":{"line":144,"column":25},"end":{"line":144,"column":35}},"34":{"start":{"line":145,"column":32},"end":{"line":145,"column":42}},"35":{"start":{"line":146,"column":30},"end":{"line":146,"column":40}},"36":{"start":{"line":147,"column":24},"end":{"line":147,"column":34}},"37":{"start":{"line":148,"column":27},"end":{"line":148,"column":37}},"38":{"start":{"line":149,"column":30},"end":{"line":149,"column":40}},"39":{"start":{"line":150,"column":31},"end":{"line":150,"column":41}},"40":{"start":{"line":151,"column":24},"end":{"line":151,"column":34}},"41":{"start":{"line":152,"column":23},"end":{"line":152,"column":33}},"42":{"start":{"line":154,"column":22},"end":{"line":154,"column":30}},"43":{"start":{"line":155,"column":22},"end":{"line":155,"column":46}},"44":{"start":{"line":156,"column":23},"end":{"line":156,"column":45}},"45":{"start":{"line":157,"column":21},"end":{"line":157,"column":43}},"46":{"start":{"line":160,"column":4},"end":{"line":160,"column":34}},"47":{"start":{"line":161,"column":22},"end":{"line":161,"column":46}},"48":{"start":{"line":162,"column":23},"end":{"line":162,"column":45}},"49":{"start":{"line":163,"column":21},"end":{"line":163,"column":43}},"50":{"start":{"line":166,"column":23},"end":{"line":166,"column":71}},"51":{"start":{"line":167,"column":24},"end":{"line":167,"column":72}},"52":{"start":{"line":170,"column":27},"end":{"line":170,"column":63}},"53":{"start":{"line":173,"column":27},"end":{"line":173,"column":31}},"54":{"start":{"line":174,"column":28},"end":{"line":174,"column":32}},"55":{"start":{"line":175,"column":4},"end":{"line":178,"column":5}},"56":{"start":{"line":176,"column":6},"end":{"line":176,"column":47}},"57":{"start":{"line":177,"column":6},"end":{"line":177,"column":61}},"58":{"start":{"line":180,"column":4},"end":{"line":264,"column":6}},"59":{"start":{"line":254,"column":70},"end":{"line":254,"column":92}},"60":{"start":{"line":255,"column":55},"end":{"line":255,"column":77}},"61":{"start":{"line":267,"column":0},"end":{"line":290,"column":2}}},"fnMap":{"0":{"name":"(anonymous_0)","decl":{"start":{"line":109,"column":2},"end":{"line":109,"column":3}},"loc":{"start":{"line":109,"column":21},"end":{"line":131,"column":3}},"line":109},"1":{"name":"(anonymous_1)","decl":{"start":{"line":133,"column":2},"end":{"line":133,"column":3}},"loc":{"start":{"line":133,"column":20},"end":{"line":139,"column":3}},"line":133},"2":{"name":"(anonymous_2)","decl":{"start":{"line":136,"column":18},"end":{"line":136,"column":19}},"loc":{"start":{"line":136,"column":34},"end":{"line":138,"column":5}},"line":136},"3":{"name":"(anonymous_3)","decl":{"start":{"line":141,"column":2},"end":{"line":141,"column":3}},"loc":{"start":{"line":141,"column":11},"end":{"line":265,"column":3}},"line":141},"4":{"name":"(anonymous_4)","decl":{"start":{"line":254,"column":63},"end":{"line":254,"column":64}},"loc":{"start":{"line":254,"column":70},"end":{"line":254,"column":92}},"line":254},"5":{"name":"(anonymous_5)","decl":{"start":{"line":255,"column":48},"end":{"line":255,"column":49}},"loc":{"start":{"line":255,"column":55},"end":{"line":255,"column":77}},"line":255}},"branchMap":{"0":{"loc":{"start":{"line":175,"column":4},"end":{"line":178,"column":5}},"type":"if","locations":[{"start":{"line":175,"column":4},"end":{"line":178,"column":5}},{"start":{"line":175,"column":4},"end":{"line":178,"column":5}}],"line":175},"1":{"loc":{"start":{"line":207,"column":15},"end":{"line":207,"column":127}},"type":"cond-expr","locations":[{"start":{"line":207,"column":36},"end":{"line":207,"column":90}},{"start":{"line":207,"column":93},"end":{"line":207,"column":127}}],"line":207},"2":{"loc":{"start":{"line":249,"column":13},"end":{"line":259,"column":23}},"type":"cond-expr","locations":[{"start":{"line":251,"column":16},"end":{"line":257,"column":22}},{"start":{"line":259,"column":16},"end":{"line":259,"column":23}}],"line":249},"3":{"loc":{"start":{"line":252,"column":19},"end":{"line":252,"column":100}},"type":"cond-expr","locations":[{"start":{"line":252,"column":37},"end":{"line":252,"column":73}},{"start":{"line":252,"column":76},"end":{"line":252,"column":100}}],"line":252},"4":{"loc":{"start":{"line":254,"column":21},"end":{"line":255,"column":120}},"type":"cond-expr","locations":[{"start":{"line":254,"column":39},"end":{"line":254,"column":135}},{"start":{"line":255,"column":24},"end":{"line":255,"column":120}}],"line":254}},"s":{"0":1,"1":1,"2":1,"3":1,"4":1,"5":1,"6":1,"7":1,"8":1,"9":1,"10":1,"11":1,"12":1,"13":1,"14":1,"15":1,"16":1,"17":1,"18":1,"19":1,"20":1,"21":1,"22":18,"23":18,"24":18,"25":18,"26":18,"27":1,"28":1,"29":1,"30":1,"31":19,"32":19,"33":19,"34":19,"35":19,"36":19,"37":19,"38":19,"39":19,"40":19,"41":19,"42":19,"43":19,"44":19,"45":19,"46":19,"47":19,"48":19,"49":19,"50":19,"51":19,"52":19,"53":19,"54":19,"55":19,"56":4,"57":4,"58":19,"59":0,"60":1,"61":1},"f":{"0":18,"1":1,"2":1,"3":19,"4":0,"5":1},"b":{"0":[4,15],"1":[15,4],"2":[4,15],"3":[1,3],"4":[1,3]},"_coverageSchema":"43e27e138ebf9cfc5966b082cf9a028302ed4184","hash":"ef9256186b169ae842144400873bf14790eb1c44"}
}
