{"/Users/Admin/Documents/HRSF122/fec-project/client/src/components/ReviewEntry.jsx": {"path":"/Users/Admin/Documents/HRSF122/fec-project/client/src/components/ReviewEntry.jsx","statementMap":{"0":{"start":{"line":8,"column":13},"end":{"line":17,"column":1}},"1":{"start":{"line":18,"column":0},"end":{"line":18,"column":26}},"2":{"start":{"line":21,"column":19},"end":{"line":25,"column":1}},"3":{"start":{"line":26,"column":0},"end":{"line":26,"column":38}},"4":{"start":{"line":28,"column":19},"end":{"line":30,"column":1}},"5":{"start":{"line":31,"column":0},"end":{"line":31,"column":38}},"6":{"start":{"line":33,"column":15},"end":{"line":36,"column":1}},"7":{"start":{"line":37,"column":0},"end":{"line":37,"column":30}},"8":{"start":{"line":39,"column":14},"end":{"line":43,"column":1}},"9":{"start":{"line":44,"column":0},"end":{"line":44,"column":28}},"10":{"start":{"line":46,"column":16},"end":{"line":49,"column":1}},"11":{"start":{"line":50,"column":0},"end":{"line":50,"column":32}},"12":{"start":{"line":52,"column":22},"end":{"line":62,"column":1}},"13":{"start":{"line":64,"column":19},"end":{"line":67,"column":1}},"14":{"start":{"line":68,"column":0},"end":{"line":68,"column":38}},"15":{"start":{"line":71,"column":17},"end":{"line":81,"column":1}},"16":{"start":{"line":82,"column":0},"end":{"line":82,"column":34}},"17":{"start":{"line":85,"column":17},"end":{"line":88,"column":1}},"18":{"start":{"line":89,"column":0},"end":{"line":89,"column":34}},"19":{"start":{"line":91,"column":17},"end":{"line":95,"column":1}},"20":{"start":{"line":97,"column":24},"end":{"line":101,"column":1}},"21":{"start":{"line":105,"column":4},"end":{"line":105,"column":17}},"22":{"start":{"line":106,"column":27},"end":{"line":106,"column":37}},"23":{"start":{"line":111,"column":8},"end":{"line":111,"column":18}},"24":{"start":{"line":112,"column":4},"end":{"line":124,"column":6}},"25":{"start":{"line":125,"column":4},"end":{"line":125,"column":57}},"26":{"start":{"line":129,"column":4},"end":{"line":129,"column":23}},"27":{"start":{"line":130,"column":4},"end":{"line":130,"column":22}},"28":{"start":{"line":134,"column":31},"end":{"line":134,"column":41}},"29":{"start":{"line":135,"column":25},"end":{"line":135,"column":35}},"30":{"start":{"line":136,"column":25},"end":{"line":136,"column":35}},"31":{"start":{"line":137,"column":32},"end":{"line":137,"column":42}},"32":{"start":{"line":138,"column":30},"end":{"line":138,"column":40}},"33":{"start":{"line":139,"column":24},"end":{"line":139,"column":34}},"34":{"start":{"line":140,"column":27},"end":{"line":140,"column":37}},"35":{"start":{"line":141,"column":30},"end":{"line":141,"column":40}},"36":{"start":{"line":142,"column":31},"end":{"line":142,"column":41}},"37":{"start":{"line":143,"column":24},"end":{"line":143,"column":34}},"38":{"start":{"line":145,"column":20},"end":{"line":145,"column":28}},"39":{"start":{"line":146,"column":4},"end":{"line":146,"column":55}},"40":{"start":{"line":148,"column":22},"end":{"line":148,"column":51}},"41":{"start":{"line":149,"column":23},"end":{"line":149,"column":52}},"42":{"start":{"line":150,"column":21},"end":{"line":150,"column":51}},"43":{"start":{"line":153,"column":4},"end":{"line":153,"column":63}},"44":{"start":{"line":155,"column":22},"end":{"line":155,"column":51}},"45":{"start":{"line":156,"column":23},"end":{"line":156,"column":52}},"46":{"start":{"line":157,"column":21},"end":{"line":157,"column":51}},"47":{"start":{"line":159,"column":23},"end":{"line":159,"column":64}},"48":{"start":{"line":160,"column":24},"end":{"line":160,"column":65}},"49":{"start":{"line":161,"column":27},"end":{"line":161,"column":63}},"50":{"start":{"line":163,"column":20},"end":{"line":163,"column":24}},"51":{"start":{"line":164,"column":21},"end":{"line":164,"column":25}},"52":{"start":{"line":165,"column":4},"end":{"line":168,"column":5}},"53":{"start":{"line":166,"column":6},"end":{"line":166,"column":40}},"54":{"start":{"line":167,"column":6},"end":{"line":167,"column":54}},"55":{"start":{"line":170,"column":4},"end":{"line":251,"column":6}},"56":{"start":{"line":243,"column":49},"end":{"line":243,"column":71}},"57":{"start":{"line":254,"column":0},"end":{"line":277,"column":2}}},"fnMap":{"0":{"name":"(anonymous_0)","decl":{"start":{"line":104,"column":2},"end":{"line":104,"column":3}},"loc":{"start":{"line":104,"column":21},"end":{"line":126,"column":3}},"line":104},"1":{"name":"(anonymous_1)","decl":{"start":{"line":128,"column":2},"end":{"line":128,"column":3}},"loc":{"start":{"line":128,"column":20},"end":{"line":131,"column":3}},"line":128},"2":{"name":"(anonymous_2)","decl":{"start":{"line":133,"column":2},"end":{"line":133,"column":3}},"loc":{"start":{"line":133,"column":11},"end":{"line":252,"column":3}},"line":133},"3":{"name":"(anonymous_3)","decl":{"start":{"line":243,"column":42},"end":{"line":243,"column":43}},"loc":{"start":{"line":243,"column":49},"end":{"line":243,"column":71}},"line":243}},"branchMap":{"0":{"loc":{"start":{"line":165,"column":4},"end":{"line":168,"column":5}},"type":"if","locations":[{"start":{"line":165,"column":4},"end":{"line":168,"column":5}},{"start":{"line":165,"column":4},"end":{"line":168,"column":5}}],"line":165},"1":{"loc":{"start":{"line":197,"column":15},"end":{"line":197,"column":129}},"type":"cond-expr","locations":[{"start":{"line":197,"column":36},"end":{"line":197,"column":72}},{"start":{"line":197,"column":75},"end":{"line":197,"column":129}}],"line":197},"2":{"loc":{"start":{"line":239,"column":13},"end":{"line":246,"column":23}},"type":"cond-expr","locations":[{"start":{"line":240,"column":14},"end":{"line":245,"column":20}},{"start":{"line":246,"column":16},"end":{"line":246,"column":23}}],"line":239}},"s":{"0":1,"1":1,"2":1,"3":1,"4":1,"5":1,"6":1,"7":1,"8":1,"9":1,"10":1,"11":1,"12":1,"13":1,"14":1,"15":1,"16":1,"17":1,"18":1,"19":1,"20":1,"21":16,"22":16,"23":16,"24":16,"25":16,"26":0,"27":0,"28":16,"29":16,"30":16,"31":16,"32":16,"33":16,"34":16,"35":16,"36":16,"37":16,"38":16,"39":16,"40":16,"41":16,"42":16,"43":16,"44":16,"45":16,"46":16,"47":16,"48":16,"49":16,"50":16,"51":16,"52":16,"53":0,"54":0,"55":16,"56":0,"57":1},"f":{"0":16,"1":0,"2":16,"3":0},"b":{"0":[0,16],"1":[1,15],"2":[0,16]},"_coverageSchema":"43e27e138ebf9cfc5966b082cf9a028302ed4184","hash":"c25fe0dae4da7d5fff39cf463bca4dc20e42c9eb"}
}
