TN:
SF:/Users/Admin/Documents/HRSF122/fec-project/client/src/components/ReviewEntry.jsx
FN:123,(anonymous_0)
FN:148,(anonymous_1)
FN:150,(anonymous_2)
FN:155,(anonymous_3)
FN:264,(anonymous_4)
FN:265,(anonymous_5)
FNF:6
FNH:5
FNDA:18,(anonymous_0)
FNDA:1,(anonymous_1)
FNDA:1,(anonymous_2)
FNDA:19,(anonymous_3)
FNDA:0,(anonymous_4)
FNDA:1,(anonymous_5)
DA:8,1
DA:19,1
DA:22,1
DA:26,1
DA:28,1
DA:31,1
DA:33,1
DA:37,1
DA:39,1
DA:44,1
DA:46,1
DA:50,1
DA:52,1
DA:67,1
DA:69,1
DA:73,1
DA:76,1
DA:87,1
DA:89,1
DA:101,1
DA:104,1
DA:108,1
DA:110,1
DA:116,1
DA:124,18
DA:125,18
DA:130,18
DA:131,18
DA:145,18
DA:149,1
DA:150,1
DA:159,19
DA:160,19
DA:163,19
DA:164,19
DA:165,19
DA:166,19
DA:169,19
DA:170,19
DA:171,19
DA:172,19
DA:175,19
DA:176,19
DA:179,19
DA:182,19
DA:183,19
DA:184,19
DA:185,4
DA:186,4
DA:188,19
DA:189,19
DA:264,0
DA:265,1
DA:277,1
LF:54
LH:53
BRDA:184,0,0,4
BRDA:184,0,1,15
BRDA:192,1,0,0
BRDA:192,1,1,19
BRDA:217,2,0,15
BRDA:217,2,1,4
BRDA:259,3,0,4
BRDA:259,3,1,15
BRDA:262,4,0,1
BRDA:262,4,1,3
BRDA:264,5,0,1
BRDA:264,5,1,3
BRF:12
BRH:11
end_of_record
