TN:
SF:/Users/Admin/Documents/HRSF122/fec-project/client/src/components/ReviewEntry.jsx
FN:104,(anonymous_0)
FN:128,(anonymous_1)
FN:133,(anonymous_2)
FN:243,(anonymous_3)
FNF:4
FNH:2
FNDA:16,(anonymous_0)
FNDA:0,(anonymous_1)
FNDA:16,(anonymous_2)
FNDA:0,(anonymous_3)
DA:8,1
DA:18,1
DA:21,1
DA:26,1
DA:28,1
DA:31,1
DA:33,1
DA:37,1
DA:39,1
DA:44,1
DA:46,1
DA:50,1
DA:52,1
DA:64,1
DA:68,1
DA:71,1
DA:82,1
DA:85,1
DA:89,1
DA:91,1
DA:97,1
DA:105,16
DA:106,16
DA:111,16
DA:112,16
DA:125,16
DA:129,0
DA:130,0
DA:134,16
DA:135,16
DA:136,16
DA:137,16
DA:138,16
DA:139,16
DA:140,16
DA:141,16
DA:142,16
DA:143,16
DA:145,16
DA:146,16
DA:148,16
DA:149,16
DA:150,16
DA:153,16
DA:155,16
DA:156,16
DA:157,16
DA:159,16
DA:160,16
DA:161,16
DA:163,16
DA:164,16
DA:165,16
DA:166,0
DA:167,0
DA:170,16
DA:243,0
DA:254,1
LF:58
LH:53
BRDA:165,0,0,0
BRDA:165,0,1,16
BRDA:197,1,0,1
BRDA:197,1,1,15
BRDA:239,2,0,0
BRDA:239,2,1,16
BRF:6
BRH:4
end_of_record
